
ROM used: 1906 (23%)
          1906 (23%) including unused fragments

          2 Average locations per line
          13 Average locations per statement

RAM used: 40 (11%) at main() level
          76 (21%) worst case

Stack used: 7 worst case (out of 8 total available)

Lines Stmts  %   Files
----- ----- ---  -----
  113    56  39  main.c
   19     0   0  main.h
  430     0   0  C:\Program Files (x86)\PICC\devices\16F887.h
  409    89  61  C:\Program Files (x86)\PICC\drivers\lcd.c
----- -----
  971   145 Total

Page ROM  %  RAM   Vol Diff  Functions:
---- --- --- ---   --- ----  ----------
0     21   1   1             @delay_ms1
0      8   0   0             @const72
 Inline        3   751  4.5  lcd_read_byte
0     49   3   2   254  3.7  lcd_read_nibble
0     47   2   1   391  2.4  lcd_send_nibble
0    120   6   3   402  3.6  lcd_send_byte
0     79   4   2   695  5.0  lcd_init
0     18   1   4   191  5.8  lcd_gotoxy
0     45   2   1   354  4.7  lcd_putc
0      8   0   0    18  1.0  timer0_isr
0     71   4   2   285  6.9  EXT_RB
0    494  26   9  2194  6.9  MAIN
0      8   0   0             @const120
0     75   4   4             @PSTRINGC7_91
0     29   2   2             @ITOF
0    202  11  14             @DIVFF
0      6   0   0             @const127
0      3   0   0             @const128
0     31   2   7   127  1.9  show
 Inline       13             @MULFF
 Inline        5             @FTOSD
0     79   4  13             @DIV3232
0    339  18  13             @PRINTF_L32D_91FPFPF
0    114   6   7   127  1.9  show2
0      6   0   0             @const143
 Inline        5             @PSTRINGCN7_91
 Inline        0             @cinit1

Program metrics:
    Functions               12
    Statements              145
    Comments                189
    Volume (V)              8820
    Difficulty (D)          47.4
    Effort to implement (E) 418167
    Time to implement (T)   6 hours, 27 minutes
    Est Delivered Bugs (B)  2
    Cyclomatic Complexity   16
    Maintainability (MI)    89

 Segment     Used  Free
-----------  ----  ----
00000-00003     4  0  
00004-00035    50  0  
00036-007FF  1852  142  
00800-00FFF     0  2048  
01000-017FF     0  2048  
01800-01FFF     0  2048  



