
ROM used: 92 (1%)
          92 (1%) including unused fragments

          0 Average locations per line
          9 Average locations per statement

RAM used: 12 (3%) at main() level
          12 (3%) worst case

Stack used: 1 worst case (out of 8 total available)

Lines Stmts  %   Files
----- ----- ---  -----
   28    10 100  int_timer.c
  430     0   0  C:\Program Files (x86)\PICC\devices\16f887.h
----- -----
  458    10 Total

Page ROM  %  RAM   Vol Diff  Functions:
---- --- --- ---   --- ----  ----------
0      7   8   0    38  1.7  timer0_isr
0     38  41   0   143  2.6  MAIN
 Inline        0   254  3.7  @cinit1

Program metrics:
    Functions               3
    Statements              10
    Comments                90
    Volume (V)              564
    Difficulty (D)          8.3
    Effort to implement (E) 4689
    Time to implement (T)   4 minutes
    Est Delivered Bugs (B)  0
    Cyclomatic Complexity   1
    Maintainability (MI)    165

 Segment     Used  Free
-----------  ----  ----
00000-00003     4  0  
00004-0002E    43  0  
0002F-007FF    45  1956  
00800-00FFF     0  2048  
01000-017FF     0  2048  
01800-01FFF     0  2048  



